#
# A fatal error has been detected by the Java Runtime Environment:
#
#  EXCEPTION_STACK_OVERFLOW (0xc00000fd) at pc=0x0000000061a64dc7, pid=4160, tid=0x0000000000000a54
#
# JRE version: Java(TM) SE Runtime Environment (8.0_172-b11) (build 1.8.0_172-b11)
# Java VM: Java HotSpot(TM) 64-Bit Server VM (25.172-b11 mixed mode windows-amd64 compressed oops)
# Problematic frame:
# V  [jvm.dll+0x214dc7]
#
# Failed to write core dump. Minidumps are not enabled by default on client versions of Windows
#
# If you would like to submit a bug report, please visit:
#   http://bugreport.java.com/bugreport/crash.jsp
#

---------------  T H R E A D  ---------------

Current thread (0x0000000019dbd000):  JavaThread "HikariPool-1 connection closer" daemon [_thread_in_vm, id=2644, stack(0x000000001e840000,0x000000001e940000)]

siginfo: ExceptionCode=0xc00000fd, ExceptionInformation=0x0000000000000001 0x000000001e93d6b0 

Registers:
RAX=0x000000001e93d6b0, RBX=0x0000000000000003, RCX=0x0000000000002000, RDX=0x0000000000000006
RSP=0x000000001e93f6b0, RBP=0x0000000000000000, RSI=0x000000001e93f6b0, RDI=0x0000000000000003
R8 =0x0000000000000006, R9 =0x000000001cf9a0f0, R10=0x00000000158be1d8, R11=0x000000001e84a148
R12=0x000000001cf9a0f0, R13=0x0000000019dbd000, R14=0x000000001e93f778, R15=0x00000000158be1d8
RIP=0x0000000061a64dc7, EFLAGS=0x0000000000010202

Top of Stack: (sp=0x000000001e93f6b0)
0x000000001e93f6b0:   0000b7bcba5fd24c 0000000100006bd0
0x000000001e93f6c0:   0000000019dbd000 000000001cf9a0f0
0x000000001e93f6d0:   00000000ffffffff 0000000061a65cf7
0x000000001e93f6e0:   000000001e93f7e0 00000000158be1d8
0x000000001e93f6f0:   0000000019dbd000 0000000061910e83
0x000000001e93f700:   000000001e93f740 0000000019dbd000
0x000000001e93f710:   000000001e93f7d0 0000000019dbd000
0x000000001e93f720:   00000000158be1d8 0000000019dbd000
0x000000001e93f730:   0000000003423be0 0000000019dbd000
0x000000001e93f740:   00000000158be1d8 0000000019dbd000
0x000000001e93f750:   00000000158be1d8 0000000019dbd000
0x000000001e93f760:   0000000000000001 00000000158be1d8
0x000000001e93f770:   0000000019dbd000 000000001caffe60
0x000000001e93f780:   0000000019dbd000 00000000619125ed
0x000000001e93f790:   000000001e93fa98 0000000100006bd0
0x000000001e93f7a0:   0000000100006bd0 00007ffb4e281b7e 

Instructions: (pc=0x0000000061a64dc7)
0x0000000061a64da7:   48 89 6c 24 30 33 ed 66 90 e8 5b 50 08 00 ff c3
0x0000000061a64db7:   48 63 c8 48 8b c6 48 0f af cf 48 ff c7 48 2b c1
0x0000000061a64dc7:   89 28 48 63 c3 48 3b 05 95 89 59 00 7e db 48 8b
0x0000000061a64dd7:   6c 24 30 48 8b 5c 24 38 48 8b 74 24 40 48 83 c4 


Register to memory mapping:

RAX=0x000000001e93d6b0 is pointing into the stack for thread: 0x0000000019dbd000
RBX=0x0000000000000003 is an unknown value
RCX=0x0000000000002000 is an unknown value
RDX=0x0000000000000006 is an unknown value
RSP=0x000000001e93f6b0 is pointing into the stack for thread: 0x0000000019dbd000
RBP=0x0000000000000000 is an unknown value
RSI=0x000000001e93f6b0 is pointing into the stack for thread: 0x0000000019dbd000
RDI=0x0000000000000003 is an unknown value
R8 =0x0000000000000006 is an unknown value
R9 =0x000000001cf9a0f0 is an unknown value
R10={method} {0x00000000158be1e0} 'run' '()V' in 'java/lang/Thread'
R11=0x000000001e84a148 is pointing into the stack for thread: 0x0000000019dbd000
R12=0x000000001cf9a0f0 is an unknown value
R13=0x0000000019dbd000 is a thread
R14=0x000000001e93f778 is pointing into the stack for thread: 0x0000000019dbd000
R15={method} {0x00000000158be1e0} 'run' '()V' in 'java/lang/Thread'


Stack: [0x000000001e840000,0x000000001e940000],  sp=0x000000001e93f6b0,  free space=1021k
Native frames: (J=compiled Java code, j=interpreted, Vv=VM code, C=native code)


---------------  P R O C E S S  ---------------

Java Threads: ( => current thread )
=>0x0000000019dbd000 JavaThread "HikariPool-1 connection closer" daemon [_thread_in_vm, id=2644, stack(0x000000001e840000,0x000000001e940000)]
  0x0000000019dbe000 JavaThread "RMI TCP Connection(3)-127.0.0.1" daemon [_thread_in_native, id=756, stack(0x000000001e240000,0x000000001e340000)]
  0x0000000019dbc800 JavaThread "HikariPool-1 connection adder" daemon [_thread_blocked, id=6560, stack(0x000000001c870000,0x000000001c970000)]
  0x0000000019ebd000 JavaThread "SimplePauseDetectorThread_0" daemon [_thread_blocked, id=2900, stack(0x000000001c770000,0x000000001c870000)]
  0x0000000019ebc800 JavaThread "Thread-20" daemon [_thread_blocked, id=640, stack(0x000000001c670000,0x000000001c770000)]
  0x0000000019ebb800 JavaThread "HikariPool-1 housekeeper" daemon [_thread_blocked, id=5040, stack(0x000000001c570000,0x000000001c670000)]
  0x0000000019ebb000 JavaThread "container-0" [_thread_blocked, id=5352, stack(0x000000001be70000,0x000000001bf70000)]
  0x0000000019eb9800 JavaThread "ContainerBackgroundProcessor[StandardEngine[Tomcat]]" daemon [_thread_blocked, id=6304, stack(0x000000001bd70000,0x000000001be70000)]
  0x0000000019eb8800 JavaThread "Abandoned connection cleanup thread" daemon [_thread_blocked, id=2500, stack(0x000000001bb70000,0x000000001bc70000)]
  0x0000000019ebe800 JavaThread "localhost-startStop-1" daemon [_thread_blocked, id=1756, stack(0x000000001b770000,0x000000001b870000)]
  0x0000000019eba000 JavaThread "Tomcat-startStop-1" daemon [_thread_blocked, id=4608, stack(0x000000001b670000,0x000000001b770000)]
  0x0000000016214800 JavaThread "restartedMain" [_thread_blocked, id=5584, stack(0x00000000190a0000,0x00000000191a0000)]
  0x0000000017e5e000 JavaThread "Thread-2" [_thread_blocked, id=6732, stack(0x0000000018fa0000,0x00000000190a0000)]
  0x0000000017cd4800 JavaThread "RMI Scheduler(0)" daemon [_thread_blocked, id=6080, stack(0x0000000018da0000,0x0000000018ea0000)]
  0x0000000017cd3800 JavaThread "RMI TCP Connection(idle)" daemon [_thread_blocked, id=6900, stack(0x0000000018ca0000,0x0000000018da0000)]
  0x0000000017cbe800 JavaThread "RMI TCP Connection(1)-127.0.0.1" daemon [_thread_in_native, id=1920, stack(0x0000000018ba0000,0x0000000018ca0000)]
  0x0000000017ba8800 JavaThread "RMI TCP Accept-0" daemon [_thread_in_native, id=3528, stack(0x0000000018660000,0x0000000018760000)]
  0x0000000017b9b800 JavaThread "RMI TCP Accept-49382" daemon [_thread_in_native, id=6032, stack(0x0000000018560000,0x0000000018660000)]
  0x0000000017b99800 JavaThread "RMI TCP Accept-0" daemon [_thread_in_native, id=5604, stack(0x0000000018460000,0x0000000018560000)]
  0x0000000017504800 JavaThread "Service Thread" daemon [_thread_blocked, id=964, stack(0x0000000017820000,0x0000000017920000)]
  0x0000000017459000 JavaThread "C1 CompilerThread1" daemon [_thread_blocked, id=5608, stack(0x0000000017720000,0x0000000017820000)]
  0x0000000017458800 JavaThread "C2 CompilerThread0" daemon [_thread_blocked, id=1216, stack(0x0000000017620000,0x0000000017720000)]
  0x000000001749e000 JavaThread "Monitor Ctrl-Break" daemon [_thread_in_native, id=208, stack(0x0000000017520000,0x0000000017620000)]
  0x00000000161f1800 JavaThread "Attach Listener" daemon [_thread_blocked, id=1968, stack(0x0000000017020000,0x0000000017120000)]
  0x00000000161ee000 JavaThread "Signal Dispatcher" daemon [_thread_blocked, id=3764, stack(0x0000000016f20000,0x0000000017020000)]
  0x00000000161de000 JavaThread "Finalizer" daemon [_thread_blocked, id=3828, stack(0x0000000016e20000,0x0000000016f20000)]
  0x0000000003203800 JavaThread "Reference Handler" daemon [_thread_blocked, id=1248, stack(0x0000000016d20000,0x0000000016e20000)]
  0x0000000003117800 JavaThread "main" [_thread_blocked, id=4756, stack(0x0000000002e10000,0x0000000002f10000)]

Other Threads:
  0x00000000161b7000 VMThread [stack: 0x0000000016c20000,0x0000000016d20000] [id=1312]
  0x0000000017bab800 WatcherThread [stack: 0x0000000018760000,0x0000000018860000] [id=4176]

VM state:synchronizing (normal execution)

VM Mutex/Monitor currently owned by a thread:  ([mutex/lock_event])
[0x000000000300dca0] Threads_lock - owner thread: 0x00000000161b7000

Heap:
 PSYoungGen      total 223232K, used 150824K [0x00000000e5580000, 0x00000000f4e80000, 0x0000000100000000)
  eden space 209920K, 71% used [0x00000000e5580000,0x00000000ee8ca2b8,0x00000000f2280000)
  from space 13312K, 0% used [0x00000000f3300000,0x00000000f3300000,0x00000000f4000000)
  to   space 16896K, 0% used [0x00000000f2280000,0x00000000f2280000,0x00000000f3300000)
 ParOldGen       total 33792K, used 25103K [0x00000000b0000000, 0x00000000b2100000, 0x00000000e5580000)
  object space 33792K, 74% used [0x00000000b0000000,0x00000000b1883cd0,0x00000000b2100000)
 Metaspace       used 51544K, capacity 54168K, committed 54272K, reserved 1097728K
  class space    used 7170K, capacity 7665K, committed 7680K, reserved 1048576K

Card table byte_map: [0x00000000127d0000,0x0000000012a60000] byte_map_base: 0x0000000012250000

Marking Bits: (ParMarkBitMap*) 0x0000000062073c10
 Begin Bits: [0x0000000012e10000, 0x0000000014210000)
 End Bits:   [0x0000000014210000, 0x0000000015610000)

Polling page: 0x0000000001500000

CodeCache: size=245760Kb used=10209Kb max_used=10209Kb free=235550Kb
 bounds [0x0000000003410000, 0x0000000003e10000, 0x0000000012410000]
 total_blobs=5606 nmethods=5040 adapters=475
 compilation: enabled

Compilation events (10 events):
Event: 15.427 Thread 0x0000000017459000 5108       1       java.util.concurrent.ConcurrentHashMap$EntryIterator::next (51 bytes)
Event: 15.428 Thread 0x0000000017459000 nmethod 5108 0x0000000003e07690 code [0x0000000003e07800, 0x0000000003e07a78]
Event: 15.430 Thread 0x0000000017459000 5109   !   1       java.util.concurrent.ConcurrentHashMap::clear (176 bytes)
Event: 15.431 Thread 0x0000000017459000 nmethod 5109 0x0000000003e07b90 code [0x0000000003e07d20, 0x0000000003e08238]
Event: 15.431 Thread 0x0000000017459000 5110       1       java.util.concurrent.ConcurrentHashMap$Traverser::<init> (36 bytes)
Event: 15.431 Thread 0x0000000017459000 nmethod 5110 0x0000000003e08590 code [0x0000000003e086e0, 0x0000000003e08830]
Event: 15.431 Thread 0x0000000017459000 5111       1       java.util.concurrent.ConcurrentHashMap$BaseIterator::<init> (21 bytes)
Event: 15.431 Thread 0x0000000017459000 nmethod 5111 0x0000000003e08890 code [0x0000000003e08a00, 0x0000000003e08b78]
Event: 15.433 Thread 0x0000000017459000 5112       1       ch.qos.logback.core.pattern.DynamicConverter::getFirstOption (35 bytes)
Event: 15.434 Thread 0x0000000017459000 nmethod 5112 0x0000000003e08c10 code [0x0000000003e08d80, 0x0000000003e08f58]

GC Heap History (10 events):
Event: 13.339 GC heap before
{Heap before GC invocations=15 (full 2):
 PSYoungGen      total 225280K, used 71711K [0x00000000e5580000, 0x00000000f5600000, 0x0000000100000000)
  eden space 211968K, 27% used [0x00000000e5580000,0x00000000e8e8b108,0x00000000f2480000)
  from space 13312K, 99% used [0x00000000f3300000,0x00000000f3ffceb8,0x00000000f4000000)
  to   space 14848K, 0% used [0x00000000f2480000,0x00000000f2480000,0x00000000f3300000)
 ParOldGen       total 33792K, used 23961K [0x00000000b0000000, 0x00000000b2100000, 0x00000000e5580000)
  object space 33792K, 70% used [0x00000000b0000000,0x00000000b1766650,0x00000000b2100000)
 Metaspace       used 48426K, capacity 50518K, committed 50688K, reserved 1097728K
  class space    used 6672K, capacity 7112K, committed 7168K, reserved 1048576K
Event: 13.358 GC heap after
Heap after GC invocations=15 (full 2):
 PSYoungGen      total 226816K, used 4723K [0x00000000e5580000, 0x00000000f5600000, 0x0000000100000000)
  eden space 211968K, 0% used [0x00000000e5580000,0x00000000e5580000,0x00000000f2480000)
  from space 14848K, 31% used [0x00000000f2480000,0x00000000f291cd40,0x00000000f3300000)
  to   space 13312K, 0% used [0x00000000f3300000,0x00000000f3300000,0x00000000f4000000)
 ParOldGen       total 33792K, used 32241K [0x00000000b0000000, 0x00000000b2100000, 0x00000000e5580000)
  object space 33792K, 95% used [0x00000000b0000000,0x00000000b1f7c6a0,0x00000000b2100000)
 Metaspace       used 48426K, capacity 50518K, committed 50688K, reserved 1097728K
  class space    used 6672K, capacity 7112K, committed 7168K, reserved 1048576K
}
Event: 13.358 GC heap before
{Heap before GC invocations=16 (full 3):
 PSYoungGen      total 226816K, used 4723K [0x00000000e5580000, 0x00000000f5600000, 0x0000000100000000)
  eden space 211968K, 0% used [0x00000000e5580000,0x00000000e5580000,0x00000000f2480000)
  from space 14848K, 31% used [0x00000000f2480000,0x00000000f291cd40,0x00000000f3300000)
  to   space 13312K, 0% used [0x00000000f3300000,0x00000000f3300000,0x00000000f4000000)
 ParOldGen       total 33792K, used 32241K [0x00000000b0000000, 0x00000000b2100000, 0x00000000e5580000)
  object space 33792K, 95% used [0x00000000b0000000,0x00000000b1f7c6a0,0x00000000b2100000)
 Metaspace       used 48426K, capacity 50518K, committed 50688K, reserved 1097728K
  class space    used 6672K, capacity 7112K, committed 7168K, reserved 1048576K
Event: 13.699 GC heap after
Heap after GC invocations=16 (full 3):
 PSYoungGen      total 226816K, used 0K [0x00000000e5580000, 0x00000000f5600000, 0x0000000100000000)
  eden space 211968K, 0% used [0x00000000e5580000,0x00000000e5580000,0x00000000f2480000)
  from space 14848K, 0% used [0x00000000f2480000,0x00000000f2480000,0x00000000f3300000)
  to   space 13312K, 0% used [0x00000000f3300000,0x00000000f3300000,0x00000000f4000000)
 ParOldGen       total 33792K, used 33024K [0x00000000b0000000, 0x00000000b2100000, 0x00000000e5580000)
  object space 33792K, 97% used [0x00000000b0000000,0x00000000b2040200,0x00000000b2100000)
 Metaspace       used 48426K, capacity 50518K, committed 50688K, reserved 1095680K
  class space    used 6672K, capacity 7112K, committed 7168K, reserved 1048576K
}
Event: 13.704 GC heap before
{Heap before GC invocations=17 (full 4):
 PSYoungGen      total 226816K, used 8736K [0x00000000e5580000, 0x00000000f5600000, 0x0000000100000000)
  eden space 211968K, 4% used [0x00000000e5580000,0x00000000e5e083b8,0x00000000f2480000)
  from space 14848K, 0% used [0x00000000f2480000,0x00000000f2480000,0x00000000f3300000)
  to   space 13312K, 0% used [0x00000000f3300000,0x00000000f3300000,0x00000000f4000000)
 ParOldGen       total 33792K, used 33024K [0x00000000b0000000, 0x00000000b2100000, 0x00000000e5580000)
  object space 33792K, 97% used [0x00000000b0000000,0x00000000b2040200,0x00000000b2100000)
 Metaspace       used 48430K, capacity 50524K, committed 50688K, reserved 1099776K
  class space    used 6674K, capacity 7113K, committed 7168K, reserved 1048576K
Event: 13.788 GC heap after
Heap after GC invocations=17 (full 4):
 PSYoungGen      total 226816K, used 0K [0x00000000e5580000, 0x00000000f5600000, 0x0000000100000000)
  eden space 211968K, 0% used [0x00000000e5580000,0x00000000e5580000,0x00000000f2480000)
  from space 14848K, 0% used [0x00000000f2480000,0x00000000f2480000,0x00000000f3300000)
  to   space 13312K, 0% used [0x00000000f3300000,0x00000000f3300000,0x00000000f4000000)
 ParOldGen       total 33792K, used 29695K [0x00000000b0000000, 0x00000000b2100000, 0x00000000e5580000)
  object space 33792K, 87% used [0x00000000b0000000,0x00000000b1cffdf0,0x00000000b2100000)
 Metaspace       used 48430K, capacity 50524K, committed 50688K, reserved 1095680K
  class space    used 6674K, capacity 7113K, committed 7168K, reserved 1048576K
}
Event: 13.789 GC heap before
{Heap before GC invocations=18 (full 4):
 PSYoungGen      total 226816K, used 0K [0x00000000e5580000, 0x00000000f5600000, 0x0000000100000000)
  eden space 211968K, 0% used [0x00000000e5580000,0x00000000e5580000,0x00000000f2480000)
  from space 14848K, 0% used [0x00000000f2480000,0x00000000f2480000,0x00000000f3300000)
  to   space 13312K, 0% used [0x00000000f3300000,0x00000000f3300000,0x00000000f4000000)
 ParOldGen       total 33792K, used 29695K [0x00000000b0000000, 0x00000000b2100000, 0x00000000e5580000)
  object space 33792K, 87% used [0x00000000b0000000,0x00000000b1cffdf0,0x00000000b2100000)
 Metaspace       used 48430K, capacity 50524K, committed 50688K, reserved 1099776K
  class space    used 6674K, capacity 7113K, committed 7168K, reserved 1048576K
Event: 13.791 GC heap after
Heap after GC invocations=18 (full 4):
 PSYoungGen      total 223232K, used 0K [0x00000000e5580000, 0x00000000f4e80000, 0x0000000100000000)
  eden space 209920K, 0% used [0x00000000e5580000,0x00000000e5580000,0x00000000f2280000)
  from space 13312K, 0% used [0x00000000f3300000,0x00000000f3300000,0x00000000f4000000)
  to   space 16896K, 0% used [0x00000000f2280000,0x00000000f2280000,0x00000000f3300000)
 ParOldGen       total 33792K, used 29695K [0x00000000b0000000, 0x00000000b2100000, 0x00000000e5580000)
  object space 33792K, 87% used [0x00000000b0000000,0x00000000b1cffdf0,0x00000000b2100000)
 Metaspace       used 48430K, capacity 50524K, committed 50688K, reserved 1099776K
  class space    used 6674K, capacity 7113K, committed 7168K, reserved 1048576K
}
Event: 13.791 GC heap before
{Heap before GC invocations=19 (full 5):
 PSYoungGen      total 223232K, used 0K [0x00000000e5580000, 0x00000000f4e80000, 0x0000000100000000)
  eden space 209920K, 0% used [0x00000000e5580000,0x00000000e5580000,0x00000000f2280000)
  from space 13312K, 0% used [0x00000000f3300000,0x00000000f3300000,0x00000000f4000000)
  to   space 16896K, 0% used [0x00000000f2280000,0x00000000f2280000,0x00000000f3300000)
 ParOldGen       total 33792K, used 29695K [0x00000000b0000000, 0x00000000b2100000, 0x00000000e5580000)
  object space 33792K, 87% used [0x00000000b0000000,0x00000000b1cffdf0,0x00000000b2100000)
 Metaspace       used 48430K, capacity 50524K, committed 50688K, reserved 1099776K
  class space    used 6674K, capacity 7113K, committed 7168K, reserved 1048576K
Event: 14.034 GC heap after
Heap after GC invocations=19 (full 5):
 PSYoungGen      total 223232K, used 0K [0x00000000e5580000, 0x00000000f4e80000, 0x0000000100000000)
  eden space 209920K, 0% used [0x00000000e5580000,0x00000000e5580000,0x00000000f2280000)
  from space 13312K, 0% used [0x00000000f3300000,0x00000000f3300000,0x00000000f4000000)
  to   space 16896K, 0% used [0x00000000f2280000,0x00000000f2280000,0x00000000f3300000)
 ParOldGen       total 33792K, used 25103K [0x00000000b0000000, 0x00000000b2100000, 0x00000000e5580000)
  object space 33792K, 74% used [0x00000000b0000000,0x00000000b1883cd0,0x00000000b2100000)
 Metaspace       used 48104K, capacity 50000K, committed 50688K, reserved 1095680K
  class space    used 6623K, capacity 7021K, committed 7168K, reserved 1048576K
}

Deoptimization events (0 events):
No events

Classes redefined (0 events):
No events

Internal exceptions (10 events):
Event: 15.420 Thread 0x0000000016214800 Exception <a 'java/lang/ClassNotFoundException': org/springframework/context/support/ApplicationObjectSupportCustomizer> (0x00000000ee684198) thrown at [C:\re\workspace\8-2-build-windows-amd64-cygwin\jdk8u172\10810\hotspot\src\share\vm\classfile\systemDic
Event: 15.421 Thread 0x0000000016214800 Exception <a 'java/lang/ClassNotFoundException': org/springframework/web/context/support/WebApplicationObjectSupportCustomizer> (0x00000000ee6a7c20) thrown at [C:\re\workspace\8-2-build-windows-amd64-cygwin\jdk8u172\10810\hotspot\src\share\vm\classfile\sy
Event: 15.421 Thread 0x0000000016214800 Exception <a 'java/lang/ClassNotFoundException': org/springframework/web/servlet/support/WebContentGeneratorCustomizer> (0x00000000ee6c6c90) thrown at [C:\re\workspace\8-2-build-windows-amd64-cygwin\jdk8u172\10810\hotspot\src\share\vm\classfile\systemDict
Event: 15.423 Thread 0x0000000016214800 Exception <a 'java/lang/ClassNotFoundException': org/springframework/web/servlet/resource/ResourceHttpRequestHandlerCustomizer> (0x00000000ee706c48) thrown at [C:\re\workspace\8-2-build-windows-amd64-cygwin\jdk8u172\10810\hotspot\src\share\vm\classfile\sy
Event: 15.423 Thread 0x0000000016214800 Exception <a 'java/lang/ArrayIndexOutOfBoundsException'> (0x00000000ee70bed0) thrown at [C:\re\workspace\8-2-build-windows-amd64-cygwin\jdk8u172\10810\hotspot\src\share\vm\runtime\sharedRuntime.cpp, line 605]
Event: 15.423 Thread 0x0000000016214800 Exception <a 'java/lang/ArrayIndexOutOfBoundsException'> (0x00000000ee70f818) thrown at [C:\re\workspace\8-2-build-windows-amd64-cygwin\jdk8u172\10810\hotspot\src\share\vm\runtime\sharedRuntime.cpp, line 605]
Event: 15.423 Thread 0x0000000016214800 Exception <a 'java/lang/ArrayIndexOutOfBoundsException'> (0x00000000ee711230) thrown at [C:\re\workspace\8-2-build-windows-amd64-cygwin\jdk8u172\10810\hotspot\src\share\vm\runtime\sharedRuntime.cpp, line 605]
Event: 15.424 Thread 0x0000000016214800 Exception <a 'java/lang/OutOfMemoryError'> (0x00000000ee7209b0) thrown at [C:\re\workspace\8-2-build-windows-amd64-cygwin\jdk8u172\10810\hotspot\src\share\vm\prims\jni.cpp, line 735]
Event: 15.424 Thread 0x0000000016214800 Exception <a 'java/lang/OutOfMemoryError'> (0x00000000ee7209b0) thrown at [C:\re\workspace\8-2-build-windows-amd64-cygwin\jdk8u172\10810\hotspot\src\share\vm\prims\jvm.cpp, line 1439]
Event: 15.426 Thread 0x0000000016214800 Exception <a 'java/lang/reflect/InvocationTargetException'> (0x00000000ee723d70) thrown at [C:\re\workspace\8-2-build-windows-amd64-cygwin\jdk8u172\10810\hotspot\src\share\vm\runtime\reflection.cpp, line 1092]

Events (10 events):
Event: 15.434 loading class com/zaxxer/hikari/pool/PoolEntry
Event: 15.434 loading class com/zaxxer/hikari/pool/PoolEntry done
Event: 15.434 loading class com/zaxxer/hikari/pool/PoolEntry
Event: 15.434 loading class com/zaxxer/hikari/pool/PoolEntry done
Event: 15.434 loading class com/zaxxer/hikari/pool/HikariPool
Event: 15.434 loading class com/zaxxer/hikari/pool/HikariPool done
Event: 15.434 loading class com/zaxxer/hikari/pool/HikariPool
Event: 15.434 loading class com/zaxxer/hikari/pool/HikariPool done
Event: 15.435 Thread 0x0000000019dbd000 Thread added: 0x0000000019dbd000
Event: 15.435 Executing VM operation: RevokeBias


Dynamic libraries:
0x00007ff66ca90000 - 0x00007ff66cac7000 	C:\Program Files\Java\jdk1.8.0_172\bin\java.exe
0x00007ffb4e250000 - 0x00007ffb4e431000 	C:\WINDOWS\SYSTEM32\ntdll.dll
0x00007ffb4dd70000 - 0x00007ffb4de22000 	C:\WINDOWS\System32\KERNEL32.DLL
0x00007ffb4aae0000 - 0x00007ffb4ad53000 	C:\WINDOWS\System32\KERNELBASE.dll
0x00007ffb4d100000 - 0x00007ffb4d1a1000 	C:\WINDOWS\System32\ADVAPI32.dll
0x00007ffb4d990000 - 0x00007ffb4da2e000 	C:\WINDOWS\System32\msvcrt.dll
0x00007ffb4dfd0000 - 0x00007ffb4e02b000 	C:\WINDOWS\System32\sechost.dll
0x00007ffb4d1b0000 - 0x00007ffb4d2d4000 	C:\WINDOWS\System32\RPCRT4.dll
0x00007ffb4e090000 - 0x00007ffb4e220000 	C:\WINDOWS\System32\USER32.dll
0x00007ffb4ad60000 - 0x00007ffb4ad80000 	C:\WINDOWS\System32\win32u.dll
0x00007ffb4d0d0000 - 0x00007ffb4d0f8000 	C:\WINDOWS\System32\GDI32.dll
0x00007ffb4b4f0000 - 0x00007ffb4b682000 	C:\WINDOWS\System32\gdi32full.dll
0x00007ffb4a620000 - 0x00007ffb4a6bf000 	C:\WINDOWS\System32\msvcp_win.dll
0x00007ffb4a770000 - 0x00007ffb4a86a000 	C:\WINDOWS\System32\ucrtbase.dll
0x00007ffb3a5b0000 - 0x00007ffb3a819000 	C:\WINDOWS\WinSxS\amd64_microsoft.windows.common-controls_6595b64144ccf1df_6.0.17134.165_none_fb429645306569ac\COMCTL32.dll
0x00007ffb4d4f0000 - 0x00007ffb4d813000 	C:\WINDOWS\System32\combase.dll
0x00007ffb4aa60000 - 0x00007ffb4aada000 	C:\WINDOWS\System32\bcryptPrimitives.dll
0x00007ffb4cf90000 - 0x00007ffb4cfbd000 	C:\WINDOWS\System32\IMM32.DLL
0x0000000062100000 - 0x00000000621d2000 	C:\Program Files\Java\jdk1.8.0_172\jre\bin\msvcr100.dll
0x0000000061850000 - 0x00000000620f3000 	C:\Program Files\Java\jdk1.8.0_172\jre\bin\server\jvm.dll
0x00007ffb4b6e0000 - 0x00007ffb4b6e8000 	C:\WINDOWS\System32\PSAPI.DLL
0x00007ffb410f0000 - 0x00007ffb410f9000 	C:\WINDOWS\SYSTEM32\WSOCK32.dll
0x00007ffb4dd00000 - 0x00007ffb4dd6c000 	C:\WINDOWS\System32\WS2_32.dll
0x00007ffb47a00000 - 0x00007ffb47a23000 	C:\WINDOWS\SYSTEM32\WINMM.dll
0x00007ffb44c00000 - 0x00007ffb44c0a000 	C:\WINDOWS\SYSTEM32\VERSION.dll
0x00007ffb479d0000 - 0x00007ffb479fa000 	C:\WINDOWS\SYSTEM32\WINMMBASE.dll
0x00007ffb4b690000 - 0x00007ffb4b6d9000 	C:\WINDOWS\System32\cfgmgr32.dll
0x0000000061840000 - 0x000000006184f000 	C:\Program Files\Java\jdk1.8.0_172\jre\bin\verify.dll
0x0000000061810000 - 0x0000000061839000 	C:\Program Files\Java\jdk1.8.0_172\jre\bin\java.dll
0x0000000061780000 - 0x00000000617a3000 	C:\Program Files\Java\jdk1.8.0_172\jre\bin\instrument.dll
0x00000000617f0000 - 0x0000000061806000 	C:\Program Files\Java\jdk1.8.0_172\jre\bin\zip.dll
0x00007ffb4bb50000 - 0x00007ffb4cf90000 	C:\WINDOWS\System32\SHELL32.dll
0x00007ffb4cfc0000 - 0x00007ffb4d069000 	C:\WINDOWS\System32\shcore.dll
0x00007ffb4ad80000 - 0x00007ffb4b48d000 	C:\WINDOWS\System32\windows.storage.dll
0x00007ffb4dca0000 - 0x00007ffb4dcf1000 	C:\WINDOWS\System32\shlwapi.dll
0x00007ffb4a5b0000 - 0x00007ffb4a5c1000 	C:\WINDOWS\System32\kernel.appcore.dll
0x00007ffb4a600000 - 0x00007ffb4a61f000 	C:\WINDOWS\System32\profapi.dll
0x00007ffb4a560000 - 0x00007ffb4a5ac000 	C:\WINDOWS\System32\powrprof.dll
0x00007ffb4a5d0000 - 0x00007ffb4a5da000 	C:\WINDOWS\System32\FLTLIB.DLL
0x00007ffb3fef0000 - 0x00007ffb3ff0a000 	C:\Program Files\JetBrains\IntelliJ IDEA 2018.1.5\bin\breakgen64.dll
0x00000000617d0000 - 0x00000000617ea000 	C:\Program Files\Java\jdk1.8.0_172\jre\bin\net.dll
0x00007ffb49d80000 - 0x00007ffb49de6000 	C:\WINDOWS\system32\mswsock.dll
0x0000000061770000 - 0x000000006177d000 	C:\Program Files\Java\jdk1.8.0_172\jre\bin\management.dll
0x00000000617b0000 - 0x00000000617c1000 	C:\Program Files\Java\jdk1.8.0_172\jre\bin\nio.dll
0x00007ffb43a60000 - 0x00007ffb43a76000 	C:\WINDOWS\system32\napinsp.dll
0x00007ffb43a40000 - 0x00007ffb43a5a000 	C:\WINDOWS\system32\pnrpnsp.dll
0x00007ffb448a0000 - 0x00007ffb448b9000 	C:\WINDOWS\system32\NLAapi.dll
0x00007ffb49b40000 - 0x00007ffb49bfe000 	C:\WINDOWS\SYSTEM32\DNSAPI.dll
0x00007ffb4bb40000 - 0x00007ffb4bb48000 	C:\WINDOWS\System32\NSI.dll
0x00007ffb49b00000 - 0x00007ffb49b38000 	C:\WINDOWS\SYSTEM32\IPHLPAPI.DLL
0x00007ffb43a30000 - 0x00007ffb43a3e000 	C:\WINDOWS\System32\winrnr.dll
0x00007ffb3e700000 - 0x00007ffb3e70a000 	C:\Windows\System32\rasadhlp.dll
0x00007ffb413e0000 - 0x00007ffb41452000 	C:\WINDOWS\System32\fwpuclnt.dll
0x00007ffb4a0c0000 - 0x00007ffb4a0e5000 	C:\WINDOWS\SYSTEM32\bcrypt.dll
0x00007ffb49f30000 - 0x00007ffb49f47000 	C:\WINDOWS\SYSTEM32\CRYPTSP.dll
0x00007ffb49960000 - 0x00007ffb49993000 	C:\WINDOWS\system32\rsaenh.dll
0x00007ffb4a460000 - 0x00007ffb4a488000 	C:\WINDOWS\SYSTEM32\USERENV.dll
0x00007ffb49f50000 - 0x00007ffb49f5b000 	C:\WINDOWS\SYSTEM32\CRYPTBASE.dll
0x00007ffb43cf0000 - 0x00007ffb43d06000 	C:\WINDOWS\SYSTEM32\dhcpcsvc6.DLL
0x00007ffb44810000 - 0x00007ffb4482a000 	C:\WINDOWS\SYSTEM32\dhcpcsvc.DLL
0x0000000061740000 - 0x0000000061764000 	C:\Program Files\Java\jdk1.8.0_172\jre\bin\sunec.dll
0x0000000061730000 - 0x000000006173b000 	C:\Program Files\Java\jdk1.8.0_172\jre\bin\sunmscapi.dll
0x00007ffb4a870000 - 0x00007ffb4aa52000 	C:\WINDOWS\System32\CRYPT32.dll
0x00007ffb4a5e0000 - 0x00007ffb4a5f2000 	C:\WINDOWS\System32\MSASN1.dll

VM Arguments:
jvm_args: -XX:TieredStopAtLevel=1 -Xverify:none -Dspring.output.ansi.enabled=always -Dcom.sun.management.jmxremote -Dcom.sun.management.jmxremote.port=49382 -Dcom.sun.management.jmxremote.authenticate=false -Dcom.sun.management.jmxremote.ssl=false -Djava.rmi.server.hostname=localhost -Dspring.liveBeansView.mbeanDomain -Dspring.application.admin.enabled=true -javaagent:C:\Program Files\JetBrains\IntelliJ IDEA 2018.1.5\lib\idea_rt.jar=49383:C:\Program Files\JetBrains\IntelliJ IDEA 2018.1.5\bin -Dfile.encoding=UTF-8 
java_command: com.xyzAirlines.App
java_class_path (initial): C:\Program Files\Java\jdk1.8.0_172\jre\lib\charsets.jar;C:\Program Files\Java\jdk1.8.0_172\jre\lib\deploy.jar;C:\Program Files\Java\jdk1.8.0_172\jre\lib\ext\access-bridge-64.jar;C:\Program Files\Java\jdk1.8.0_172\jre\lib\ext\cldrdata.jar;C:\Program Files\Java\jdk1.8.0_172\jre\lib\ext\dnsns.jar;C:\Program Files\Java\jdk1.8.0_172\jre\lib\ext\jaccess.jar;C:\Program Files\Java\jdk1.8.0_172\jre\lib\ext\jfxrt.jar;C:\Program Files\Java\jdk1.8.0_172\jre\lib\ext\localedata.jar;C:\Program Files\Java\jdk1.8.0_172\jre\lib\ext\nashorn.jar;C:\Program Files\Java\jdk1.8.0_172\jre\lib\ext\sunec.jar;C:\Program Files\Java\jdk1.8.0_172\jre\lib\ext\sunjce_provider.jar;C:\Program Files\Java\jdk1.8.0_172\jre\lib\ext\sunmscapi.jar;C:\Program Files\Java\jdk1.8.0_172\jre\lib\ext\sunpkcs11.jar;C:\Program Files\Java\jdk1.8.0_172\jre\lib\ext\zipfs.jar;C:\Program Files\Java\jdk1.8.0_172\jre\lib\javaws.jar;C:\Program Files\Java\jdk1.8.0_172\jre\lib\jce.jar;C:\Program Files\Java\jdk1.8.0_172\jre\lib\jfr.jar;C:\Program Files\Java\jdk1.8.0_172\jre\lib\jfxswt.jar;C:\Program Files\Java\jdk1.8.0_172\jre\lib\jsse.jar;C:\Program Files\Java\jdk1.8.0_172\jre\lib\management-agent.jar;C:\Program Files\Java\jdk1.8.0_172\jre\lib\plugin.jar;C:\Program Files\Java\jdk1.8.0_172\jre\lib\resources.jar;C:\Program Files\Java\jdk1.8.0_172\jre\lib\rt.jar;C:\Users\Administrator\Desktop\xyzAirlines\target\classes;C:\Users\Administrator\.m2\repository\org\springframework\boot\spring-boot-starter-actuator\2.0.3.RELEASE\spring-boot-starter-actuator-2.0.3.RELEASE.jar;C:\Users\Administrator\.m2\repository\org\springframework\boot\spring-boot-starter\2.0.3.RELEASE\spring-boot-starter-2.0.3.RELEASE.jar;C:\Users\Administrator\.m2\repository\org\springframework\boot\spring-boot-starter-logging\2.0.3.RELEASE\spring-boot-starter-logging-2.0.3.RELEASE.jar;C:\Users\Administrator\.m2\repository\ch\qos\logback\logback-classic\1.2.3\logback-classic-1.2.3.jar;C:\Users\Administrator\.m2\repository\ch\qos\logbac
Launcher Type: SUN_STANDARD

Environment Variables:
PATH=C:\Program Files (x86)\Common Files\Oracle\Java\javapath;C:\WINDOWS\system32;C:\WINDOWS;C:\WINDOWS\System32\Wbem;C:\WINDOWS\System32\WindowsPowerShell\v1.0\;C:\Program Files\dotnet\;C:\Program Files\Git\cmd;C:\WINDOWS\System32\OpenSSH\;C:\Users\Administrator\AppData\Local\Microsoft\WindowsApps;;C:\Program Files\Microsoft VS Code\bin
USERNAME=Administrator
OS=Windows_NT
PROCESSOR_IDENTIFIER=Intel64 Family 6 Model 61 Stepping 4, GenuineIntel



---------------  S Y S T E M  ---------------

OS: Windows 10.0 , 64 bit Build 17134 (10.0.17134.1)

CPU:total 2 (initial active 2) (2 cores per cpu, 1 threads per core) family 6 model 61 stepping 4, cmov, cx8, fxsr, mmx, sse, sse2, sse3, ssse3, sse4.1, sse4.2, popcnt, avx, avx2, aes, clmul, 3dnowpref, lzcnt, tsc, tscinvbit

Memory: 4k page, physical 5242420k(513776k free), swap 5242420k(2600k free)

vm_info: Java HotSpot(TM) 64-Bit Server VM (25.172-b11) for windows-amd64 JRE (1.8.0_172-b11), built on Mar 28 2018 21:21:52 by "java_re" with MS VC++ 10.0 (VS2010)

time: Thu Jul 12 11:50:13 2018
elapsed time: 15 seconds (0d 0h 0m 15s)

