#
# A fatal error has been detected by the Java Runtime Environment:
#
#  EXCEPTION_STACK_OVERFLOW (0xc00000fd) at pc=0x0000000061a64dc7, pid=5340, tid=0x000000000000169c
#
# JRE version: Java(TM) SE Runtime Environment (8.0_172-b11) (build 1.8.0_172-b11)
# Java VM: Java HotSpot(TM) 64-Bit Server VM (25.172-b11 mixed mode windows-amd64 compressed oops)
# Problematic frame:
# V  [jvm.dll+0x214dc7]
#
# Failed to write core dump. Minidumps are not enabled by default on client versions of Windows
#
# If you would like to submit a bug report, please visit:
#   http://bugreport.java.com/bugreport/crash.jsp
#

---------------  T H R E A D  ---------------

Current thread (0x000000001a822000):  JavaThread "HikariPool-1 housekeeper" daemon [_thread_in_vm, id=5788, stack(0x000000001d380000,0x000000001d480000)]

siginfo: ExceptionCode=0xc00000fd, ExceptionInformation=0x0000000000000001 0x000000001d47b400 

Registers:
RAX=0x000000001d47b400, RBX=0x0000000000000005, RCX=0x0000000000004000, RDX=0x0000000000000006
RSP=0x000000001d47f400, RBP=0x0000000000000000, RSI=0x000000001d47f400, RDI=0x0000000000000005
R8 =0x0000000000000006, R9 =0x000000001a87a8f0, R10=0x00000000159ce1d8, R11=0x000000001d38a148
R12=0x000000001a87a8f0, R13=0x000000001a822000, R14=0x000000001d47f4c8, R15=0x00000000159ce1d8
RIP=0x0000000061a64dc7, EFLAGS=0x0000000000010206

Top of Stack: (sp=0x000000001d47f400)
0x000000001d47f400:   0000f3cbaa76a57f 0000000100006bd0
0x000000001d47f410:   000000001a822000 000000001a87a8f0
0x000000001d47f420:   00000000ffffffff 0000000061a65cf7
0x000000001d47f430:   000000001d47f530 00000000159ce1d8
0x000000001d47f440:   000000001a822000 0000000061910e83
0x000000001d47f450:   000000001d47f490 000000001a822000
0x000000001d47f460:   000000001d47f520 000000001a822000
0x000000001d47f470:   00000000159ce1d8 000000001a822000
0x000000001d47f480:   0000000003533be0 000000001a822000
0x000000001d47f490:   00000000159ce1d8 000000001a822000
0x000000001d47f4a0:   00000000159ce1d8 000000001a822000
0x000000001d47f4b0:   0000000000000001 00000000159ce1d8
0x000000001d47f4c0:   000000001a822000 000000001a81a1f0
0x000000001d47f4d0:   000000001a822000 00000000619125ed
0x000000001d47f4e0:   000000001d47f7e8 0000000100006bd0
0x000000001d47f4f0:   0000000100006bd0 0000000000000000 

Instructions: (pc=0x0000000061a64dc7)
0x0000000061a64da7:   48 89 6c 24 30 33 ed 66 90 e8 5b 50 08 00 ff c3
0x0000000061a64db7:   48 63 c8 48 8b c6 48 0f af cf 48 ff c7 48 2b c1
0x0000000061a64dc7:   89 28 48 63 c3 48 3b 05 95 89 59 00 7e db 48 8b
0x0000000061a64dd7:   6c 24 30 48 8b 5c 24 38 48 8b 74 24 40 48 83 c4 


Register to memory mapping:

RAX=0x000000001d47b400 is pointing into the stack for thread: 0x000000001a822000
RBX=0x0000000000000005 is an unknown value
RCX=0x0000000000004000 is an unknown value
RDX=0x0000000000000006 is an unknown value
RSP=0x000000001d47f400 is pointing into the stack for thread: 0x000000001a822000
RBP=0x0000000000000000 is an unknown value
RSI=0x000000001d47f400 is pointing into the stack for thread: 0x000000001a822000
RDI=0x0000000000000005 is an unknown value
R8 =0x0000000000000006 is an unknown value
R9 =0x000000001a87a8f0 is an unknown value
R10={method} {0x00000000159ce1e0} 'run' '()V' in 'java/lang/Thread'
R11=0x000000001d38a148 is pointing into the stack for thread: 0x000000001a822000
R12=0x000000001a87a8f0 is an unknown value
R13=0x000000001a822000 is a thread
R14=0x000000001d47f4c8 is pointing into the stack for thread: 0x000000001a822000
R15={method} {0x00000000159ce1e0} 'run' '()V' in 'java/lang/Thread'


Stack: [0x000000001d380000,0x000000001d480000],  sp=0x000000001d47f400,  free space=1021k
Native frames: (J=compiled Java code, j=interpreted, Vv=VM code, C=native code)


---------------  P R O C E S S  ---------------

Java Threads: ( => current thread )
=>0x000000001a822000 JavaThread "HikariPool-1 housekeeper" daemon [_thread_in_vm, id=5788, stack(0x000000001d380000,0x000000001d480000)]
  0x000000001a825000 JavaThread "container-0" [_thread_blocked, id=7048, stack(0x000000001c680000,0x000000001c780000)]
  0x0000000017f9c800 JavaThread "ContainerBackgroundProcessor[StandardEngine[Tomcat]]" daemon [_thread_blocked, id=836, stack(0x000000001c580000,0x000000001c680000)]
  0x0000000017f9b000 JavaThread "SimplePauseDetectorThread_0" daemon [_thread_blocked, id=5532, stack(0x000000001c480000,0x000000001c580000)]
  0x0000000017f9a000 JavaThread "Thread-18" daemon [_thread_blocked, id=3584, stack(0x000000001c180000,0x000000001c280000)]
  0x0000000017f99800 JavaThread "Abandoned connection cleanup thread" daemon [_thread_blocked, id=4332, stack(0x000000001bf80000,0x000000001c080000)]
  0x0000000017f9e000 JavaThread "localhost-startStop-1" daemon [_thread_blocked, id=3792, stack(0x000000001bb80000,0x000000001bc80000)]
  0x0000000017f98800 JavaThread "Tomcat-startStop-1" daemon [_thread_blocked, id=2996, stack(0x000000001ba80000,0x000000001bb80000)]
  0x0000000017f97000 JavaThread "restartedMain" [_thread_in_vm, id=6192, stack(0x00000000192b0000,0x00000000193b0000)]
  0x0000000017f9b800 JavaThread "Thread-2" [_thread_blocked, id=6640, stack(0x00000000191b0000,0x00000000192b0000)]
  0x0000000017e19800 JavaThread "RMI TCP Connection(2)-127.0.0.1" daemon [_thread_in_native, id=3048, stack(0x0000000018c70000,0x0000000018d70000)]
  0x0000000017e17000 JavaThread "RMI Scheduler(0)" daemon [_thread_blocked, id=5308, stack(0x0000000018b70000,0x0000000018c70000)]
  0x0000000017db6000 JavaThread "RMI TCP Connection(1)-127.0.0.1" daemon [_thread_in_native, id=4752, stack(0x0000000018a70000,0x0000000018b70000)]
  0x0000000017dab800 JavaThread "RMI TCP Accept-0" daemon [_thread_in_native, id=2096, stack(0x0000000018870000,0x0000000018970000)]
  0x0000000017da2800 JavaThread "RMI TCP Accept-49366" daemon [_thread_in_native, id=1660, stack(0x0000000018770000,0x0000000018870000)]
  0x0000000017d9e000 JavaThread "RMI TCP Accept-0" daemon [_thread_in_native, id=3640, stack(0x0000000018670000,0x0000000018770000)]
  0x000000001770c800 JavaThread "Service Thread" daemon [_thread_blocked, id=2272, stack(0x0000000017a30000,0x0000000017b30000)]
  0x00000000176ad800 JavaThread "C1 CompilerThread1" daemon [_thread_blocked, id=4024, stack(0x0000000017930000,0x0000000017a30000)]
  0x0000000017642800 JavaThread "C2 CompilerThread0" daemon [_thread_blocked, id=7112, stack(0x0000000017830000,0x0000000017930000)]
  0x0000000017640800 JavaThread "Monitor Ctrl-Break" daemon [_thread_in_native, id=212, stack(0x0000000017730000,0x0000000017830000)]
  0x0000000016301800 JavaThread "Attach Listener" daemon [_thread_blocked, id=5420, stack(0x0000000017230000,0x0000000017330000)]
  0x00000000162fe000 JavaThread "Signal Dispatcher" daemon [_thread_blocked, id=6040, stack(0x0000000017130000,0x0000000017230000)]
  0x00000000162ee000 JavaThread "Finalizer" daemon [_thread_blocked, id=4768, stack(0x0000000016f40000,0x0000000017040000)]
  0x0000000003413800 JavaThread "Reference Handler" daemon [_thread_blocked, id=4724, stack(0x0000000016e40000,0x0000000016f40000)]
  0x0000000003327800 JavaThread "main" [_thread_blocked, id=3944, stack(0x0000000003070000,0x0000000003170000)]

Other Threads:
  0x00000000162c7000 VMThread [stack: 0x0000000016d40000,0x0000000016e40000] [id=1228]
  0x0000000017db3000 WatcherThread [stack: 0x0000000018970000,0x0000000018a70000] [id=3424]

VM state:not at safepoint (normal execution)

VM Mutex/Monitor currently owned by a thread: None

Heap:
 PSYoungGen      total 267264K, used 19435K [0x00000000e5580000, 0x00000000f6700000, 0x0000000100000000)
  eden space 255488K, 7% used [0x00000000e5580000,0x00000000e687ae08,0x00000000f4f00000)
  from space 11776K, 0% used [0x00000000f5b80000,0x00000000f5b80000,0x00000000f6700000)
  to   space 12288K, 0% used [0x00000000f4f00000,0x00000000f4f00000,0x00000000f5b00000)
 ParOldGen       total 37376K, used 22124K [0x00000000b0000000, 0x00000000b2480000, 0x00000000e5580000)
  object space 37376K, 59% used [0x00000000b0000000,0x00000000b159b110,0x00000000b2480000)
 Metaspace       used 39196K, capacity 41084K, committed 41600K, reserved 1089536K
  class space    used 5316K, capacity 5692K, committed 5760K, reserved 1048576K

Card table byte_map: [0x00000000128e0000,0x0000000012b70000] byte_map_base: 0x0000000012360000

Marking Bits: (ParMarkBitMap*) 0x0000000062073c10
 Begin Bits: [0x0000000012f20000, 0x0000000014320000)
 End Bits:   [0x0000000014320000, 0x0000000015720000)

Polling page: 0x0000000001680000

CodeCache: size=245760Kb used=8975Kb max_used=8975Kb free=236784Kb
 bounds [0x0000000003520000, 0x0000000003df0000, 0x0000000012520000]
 total_blobs=4916 nmethods=4411 adapters=416
 compilation: enabled

Compilation events (10 events):
Event: 13.152 Thread 0x00000000176ad800 4462       1       java.nio.Buffer::remaining (10 bytes)
Event: 13.152 Thread 0x00000000176ad800 nmethod 4462 0x0000000003de1f50 code [0x0000000003de20a0, 0x0000000003de21b0]
Event: 13.158 Thread 0x00000000176ad800 4463       1       sun.security.provider.SHA2::implDigest (98 bytes)
Event: 13.158 Thread 0x00000000176ad800 nmethod 4463 0x0000000003de2210 code [0x0000000003de23a0, 0x0000000003de2608]
Event: 13.159 Thread 0x00000000176ad800 4464       1       sun.security.provider.SHA2::implReset (19 bytes)
Event: 13.159 Thread 0x00000000176ad800 nmethod 4464 0x0000000003de2750 code [0x0000000003de28c0, 0x0000000003de2a68]
Event: 13.162 Thread 0x00000000176ad800 4465       1       sun.security.ssl.SSLSocketImpl::checkEOF (124 bytes)
Event: 13.163 Thread 0x00000000176ad800 nmethod 4465 0x0000000003de2b10 code [0x0000000003de2d00, 0x0000000003de33b8]
Event: 13.164 Thread 0x00000000176ad800 4466   !   1       java.lang.invoke.LambdaForm::compileToBytecode (103 bytes)
Event: 13.165 Thread 0x00000000176ad800 nmethod 4466 0x0000000003de3750 code [0x0000000003de3920, 0x0000000003de3dd8]

GC Heap History (10 events):
Event: 11.718 GC heap before
{Heap before GC invocations=27 (full 9):
 PSYoungGen      total 259584K, used 0K [0x00000000e5580000, 0x00000000f6800000, 0x0000000100000000)
  eden space 252416K, 0% used [0x00000000e5580000,0x00000000e5580000,0x00000000f4c00000)
  from space 7168K, 0% used [0x00000000f6100000,0x00000000f6100000,0x00000000f6800000)
  to   space 14336K, 0% used [0x00000000f4c00000,0x00000000f4c00000,0x00000000f5a00000)
 ParOldGen       total 37376K, used 22454K [0x00000000b0000000, 0x00000000b2480000, 0x00000000e5580000)
  object space 37376K, 60% used [0x00000000b0000000,0x00000000b15ed820,0x00000000b2480000)
 Metaspace       used 38798K, capacity 40632K, committed 41088K, reserved 1093632K
  class space    used 5245K, capacity 5586K, committed 5760K, reserved 1048576K
Event: 11.861 GC heap after
Heap after GC invocations=27 (full 9):
 PSYoungGen      total 259584K, used 0K [0x00000000e5580000, 0x00000000f6800000, 0x0000000100000000)
  eden space 252416K, 0% used [0x00000000e5580000,0x00000000e5580000,0x00000000f4c00000)
  from space 7168K, 0% used [0x00000000f6100000,0x00000000f6100000,0x00000000f6800000)
  to   space 14336K, 0% used [0x00000000f4c00000,0x00000000f4c00000,0x00000000f5a00000)
 ParOldGen       total 37376K, used 22220K [0x00000000b0000000, 0x00000000b2480000, 0x00000000e5580000)
  object space 37376K, 59% used [0x00000000b0000000,0x00000000b15b32f8,0x00000000b2480000)
 Metaspace       used 38713K, capacity 40494K, committed 41088K, reserved 1089536K
  class space    used 5232K, capacity 5563K, committed 5760K, reserved 1048576K
}
Event: 11.862 GC heap before
{Heap before GC invocations=28 (full 9):
 PSYoungGen      total 259584K, used 6058K [0x00000000e5580000, 0x00000000f6800000, 0x0000000100000000)
  eden space 252416K, 2% used [0x00000000e5580000,0x00000000e5b6a848,0x00000000f4c00000)
  from space 7168K, 0% used [0x00000000f6100000,0x00000000f6100000,0x00000000f6800000)
  to   space 14336K, 0% used [0x00000000f4c00000,0x00000000f4c00000,0x00000000f5a00000)
 ParOldGen       total 37376K, used 22220K [0x00000000b0000000, 0x00000000b2480000, 0x00000000e5580000)
  object space 37376K, 59% used [0x00000000b0000000,0x00000000b15b32f8,0x00000000b2480000)
 Metaspace       used 38713K, capacity 40494K, committed 41088K, reserved 1095680K
  class space    used 5232K, capacity 5563K, committed 5760K, reserved 1048576K
Event: 11.863 GC heap after
Heap after GC invocations=28 (full 9):
 PSYoungGen      total 266752K, used 64K [0x00000000e5580000, 0x00000000f6800000, 0x0000000100000000)
  eden space 252416K, 0% used [0x00000000e5580000,0x00000000e5580000,0x00000000f4c00000)
  from space 14336K, 0% used [0x00000000f4c00000,0x00000000f4c10000,0x00000000f5a00000)
  to   space 12800K, 0% used [0x00000000f5b80000,0x00000000f5b80000,0x00000000f6800000)
 ParOldGen       total 37376K, used 22220K [0x00000000b0000000, 0x00000000b2480000, 0x00000000e5580000)
  object space 37376K, 59% used [0x00000000b0000000,0x00000000b15b32f8,0x00000000b2480000)
 Metaspace       used 38713K, capacity 40494K, committed 41088K, reserved 1095680K
  class space    used 5232K, capacity 5563K, committed 5760K, reserved 1048576K
}
Event: 11.863 GC heap before
{Heap before GC invocations=29 (full 10):
 PSYoungGen      total 266752K, used 64K [0x00000000e5580000, 0x00000000f6800000, 0x0000000100000000)
  eden space 252416K, 0% used [0x00000000e5580000,0x00000000e5580000,0x00000000f4c00000)
  from space 14336K, 0% used [0x00000000f4c00000,0x00000000f4c10000,0x00000000f5a00000)
  to   space 12800K, 0% used [0x00000000f5b80000,0x00000000f5b80000,0x00000000f6800000)
 ParOldGen       total 37376K, used 22220K [0x00000000b0000000, 0x00000000b2480000, 0x00000000e5580000)
  object space 37376K, 59% used [0x00000000b0000000,0x00000000b15b32f8,0x00000000b2480000)
 Metaspace       used 38713K, capacity 40494K, committed 41088K, reserved 1095680K
  class space    used 5232K, capacity 5563K, committed 5760K, reserved 1048576K
Event: 11.922 GC heap after
Heap after GC invocations=29 (full 10):
 PSYoungGen      total 266752K, used 0K [0x00000000e5580000, 0x00000000f6800000, 0x0000000100000000)
  eden space 252416K, 0% used [0x00000000e5580000,0x00000000e5580000,0x00000000f4c00000)
  from space 14336K, 0% used [0x00000000f4c00000,0x00000000f4c00000,0x00000000f5a00000)
  to   space 12800K, 0% used [0x00000000f5b80000,0x00000000f5b80000,0x00000000f6800000)
 ParOldGen       total 37376K, used 22125K [0x00000000b0000000, 0x00000000b2480000, 0x00000000e5580000)
  object space 37376K, 59% used [0x00000000b0000000,0x00000000b159b6b8,0x00000000b2480000)
 Metaspace       used 38713K, capacity 40494K, committed 41088K, reserved 1089536K
  class space    used 5232K, capacity 5563K, committed 5760K, reserved 1048576K
}
Event: 11.922 GC heap before
{Heap before GC invocations=30 (full 10):
 PSYoungGen      total 266752K, used 0K [0x00000000e5580000, 0x00000000f6800000, 0x0000000100000000)
  eden space 252416K, 0% used [0x00000000e5580000,0x00000000e5580000,0x00000000f4c00000)
  from space 14336K, 0% used [0x00000000f4c00000,0x00000000f4c00000,0x00000000f5a00000)
  to   space 12800K, 0% used [0x00000000f5b80000,0x00000000f5b80000,0x00000000f6800000)
 ParOldGen       total 37376K, used 22125K [0x00000000b0000000, 0x00000000b2480000, 0x00000000e5580000)
  object space 37376K, 59% used [0x00000000b0000000,0x00000000b159b6b8,0x00000000b2480000)
 Metaspace       used 38713K, capacity 40494K, committed 41088K, reserved 1093632K
  class space    used 5232K, capacity 5563K, committed 5760K, reserved 1048576K
Event: 11.923 GC heap after
Heap after GC invocations=30 (full 10):
 PSYoungGen      total 267264K, used 0K [0x00000000e5580000, 0x00000000f6700000, 0x0000000100000000)
  eden space 255488K, 0% used [0x00000000e5580000,0x00000000e5580000,0x00000000f4f00000)
  from space 11776K, 0% used [0x00000000f5b80000,0x00000000f5b80000,0x00000000f6700000)
  to   space 12288K, 0% used [0x00000000f4f00000,0x00000000f4f00000,0x00000000f5b00000)
 ParOldGen       total 37376K, used 22125K [0x00000000b0000000, 0x00000000b2480000, 0x00000000e5580000)
  object space 37376K, 59% used [0x00000000b0000000,0x00000000b159b6b8,0x00000000b2480000)
 Metaspace       used 38713K, capacity 40494K, committed 41088K, reserved 1093632K
  class space    used 5232K, capacity 5563K, committed 5760K, reserved 1048576K
}
Event: 11.923 GC heap before
{Heap before GC invocations=31 (full 11):
 PSYoungGen      total 267264K, used 0K [0x00000000e5580000, 0x00000000f6700000, 0x0000000100000000)
  eden space 255488K, 0% used [0x00000000e5580000,0x00000000e5580000,0x00000000f4f00000)
  from space 11776K, 0% used [0x00000000f5b80000,0x00000000f5b80000,0x00000000f6700000)
  to   space 12288K, 0% used [0x00000000f4f00000,0x00000000f4f00000,0x00000000f5b00000)
 ParOldGen       total 37376K, used 22125K [0x00000000b0000000, 0x00000000b2480000, 0x00000000e5580000)
  object space 37376K, 59% used [0x00000000b0000000,0x00000000b159b6b8,0x00000000b2480000)
 Metaspace       used 38713K, capacity 40494K, committed 41088K, reserved 1093632K
  class space    used 5232K, capacity 5563K, committed 5760K, reserved 1048576K
Event: 11.983 GC heap after
Heap after GC invocations=31 (full 11):
 PSYoungGen      total 267264K, used 0K [0x00000000e5580000, 0x00000000f6700000, 0x0000000100000000)
  eden space 255488K, 0% used [0x00000000e5580000,0x00000000e5580000,0x00000000f4f00000)
  from space 11776K, 0% used [0x00000000f5b80000,0x00000000f5b80000,0x00000000f6700000)
  to   space 12288K, 0% used [0x00000000f4f00000,0x00000000f4f00000,0x00000000f5b00000)
 ParOldGen       total 37376K, used 22124K [0x00000000b0000000, 0x00000000b2480000, 0x00000000e5580000)
  object space 37376K, 59% used [0x00000000b0000000,0x00000000b159b110,0x00000000b2480000)
 Metaspace       used 38713K, capacity 40494K, committed 41088K, reserved 1089536K
  class space    used 5232K, capacity 5563K, committed 5760K, reserved 1048576K
}

Deoptimization events (0 events):
No events

Classes redefined (0 events):
No events

Internal exceptions (10 events):
Event: 13.087 Thread 0x0000000017f97000 Exception <a 'java/lang/ArrayIndexOutOfBoundsException'> (0x00000000e5ef8e10) thrown at [C:\re\workspace\8-2-build-windows-amd64-cygwin\jdk8u172\10810\hotspot\src\share\vm\runtime\sharedRuntime.cpp, line 605]
Event: 13.087 Thread 0x0000000017f97000 Exception <a 'java/lang/ArrayIndexOutOfBoundsException'> (0x00000000e5efb348) thrown at [C:\re\workspace\8-2-build-windows-amd64-cygwin\jdk8u172\10810\hotspot\src\share\vm\runtime\sharedRuntime.cpp, line 605]
Event: 13.087 Thread 0x0000000017f97000 Exception <a 'java/lang/ArrayIndexOutOfBoundsException'> (0x00000000e5efdb88) thrown at [C:\re\workspace\8-2-build-windows-amd64-cygwin\jdk8u172\10810\hotspot\src\share\vm\runtime\sharedRuntime.cpp, line 605]
Event: 13.089 Thread 0x0000000017f97000 Exception <a 'java/lang/ClassNotFoundException': org/springframework/orm/jpa/JpaVendorAdapterCustomizer> (0x00000000e5f39328) thrown at [C:\re\workspace\8-2-build-windows-amd64-cygwin\jdk8u172\10810\hotspot\src\share\vm\classfile\systemDictionary.cpp, lin
Event: 13.089 Thread 0x0000000017f97000 Exception <a 'java/lang/ArrayIndexOutOfBoundsException'> (0x00000000e5f3bd40) thrown at [C:\re\workspace\8-2-build-windows-amd64-cygwin\jdk8u172\10810\hotspot\src\share\vm\runtime\sharedRuntime.cpp, line 605]
Event: 13.089 Thread 0x0000000017f97000 Exception <a 'java/lang/ArrayIndexOutOfBoundsException'> (0x00000000e5f3d748) thrown at [C:\re\workspace\8-2-build-windows-amd64-cygwin\jdk8u172\10810\hotspot\src\share\vm\runtime\sharedRuntime.cpp, line 605]
Event: 13.089 Thread 0x0000000017f97000 Exception <a 'java/lang/ArrayIndexOutOfBoundsException'> (0x00000000e5f3f088) thrown at [C:\re\workspace\8-2-build-windows-amd64-cygwin\jdk8u172\10810\hotspot\src\share\vm\runtime\sharedRuntime.cpp, line 605]
Event: 13.089 Thread 0x0000000017f97000 Exception <a 'java/lang/ArrayIndexOutOfBoundsException'> (0x00000000e5f40b30) thrown at [C:\re\workspace\8-2-build-windows-amd64-cygwin\jdk8u172\10810\hotspot\src\share\vm\runtime\sharedRuntime.cpp, line 605]
Event: 13.098 Thread 0x0000000017f97000 Exception <a 'java/lang/ClassNotFoundException': java/lang/ObjectCustomizer> (0x00000000e5fb32b0) thrown at [C:\re\workspace\8-2-build-windows-amd64-cygwin\jdk8u172\10810\hotspot\src\share\vm\classfile\systemDictionary.cpp, line 210]
Event: 13.098 Thread 0x0000000017f97000 Exception <a 'java/lang/ClassNotFoundException': org/springframework/boot/orm/jpa/EntityManagerFactoryBuilderCustomizer> (0x00000000e5fd3038) thrown at [C:\re\workspace\8-2-build-windows-amd64-cygwin\jdk8u172\10810\hotspot\src\share\vm\classfile\systemDic

Events (10 events):
Event: 13.156 loading class com/mysql/jdbc/ConnectionImpl$NetworkTimeoutSetter done
Event: 13.163 loading class java/util/concurrent/ThreadLocalRandom
Event: 13.163 loading class java/util/concurrent/ThreadLocalRandom done
Event: 13.164 loading class com/zaxxer/hikari/pool/PoolEntry
Event: 13.164 loading class com/zaxxer/hikari/pool/PoolEntry done
Event: 13.164 loading class com/zaxxer/hikari/pool/HikariPool
Event: 13.164 loading class com/zaxxer/hikari/pool/HikariPool done
Event: 13.165 Thread 0x000000001a822000 Thread added: 0x000000001a822000
Event: 13.165 loading class com/zaxxer/hikari/pool/PoolBase$MetricsTrackerDelegate
Event: 13.165 loading class com/zaxxer/hikari/pool/PoolBase$MetricsTrackerDelegate done


Dynamic libraries:
0x00007ff66ca90000 - 0x00007ff66cac7000 	C:\Program Files\Java\jdk1.8.0_172\bin\java.exe
0x00007ffb4e250000 - 0x00007ffb4e431000 	C:\WINDOWS\SYSTEM32\ntdll.dll
0x00007ffb4dd70000 - 0x00007ffb4de22000 	C:\WINDOWS\System32\KERNEL32.DLL
0x00007ffb4aae0000 - 0x00007ffb4ad53000 	C:\WINDOWS\System32\KERNELBASE.dll
0x00007ffb4d100000 - 0x00007ffb4d1a1000 	C:\WINDOWS\System32\ADVAPI32.dll
0x00007ffb4d990000 - 0x00007ffb4da2e000 	C:\WINDOWS\System32\msvcrt.dll
0x00007ffb4dfd0000 - 0x00007ffb4e02b000 	C:\WINDOWS\System32\sechost.dll
0x00007ffb4d1b0000 - 0x00007ffb4d2d4000 	C:\WINDOWS\System32\RPCRT4.dll
0x00007ffb4e090000 - 0x00007ffb4e220000 	C:\WINDOWS\System32\USER32.dll
0x00007ffb4ad60000 - 0x00007ffb4ad80000 	C:\WINDOWS\System32\win32u.dll
0x00007ffb4d0d0000 - 0x00007ffb4d0f8000 	C:\WINDOWS\System32\GDI32.dll
0x00007ffb4b4f0000 - 0x00007ffb4b682000 	C:\WINDOWS\System32\gdi32full.dll
0x00007ffb4a620000 - 0x00007ffb4a6bf000 	C:\WINDOWS\System32\msvcp_win.dll
0x00007ffb4a770000 - 0x00007ffb4a86a000 	C:\WINDOWS\System32\ucrtbase.dll
0x00007ffb3a5b0000 - 0x00007ffb3a819000 	C:\WINDOWS\WinSxS\amd64_microsoft.windows.common-controls_6595b64144ccf1df_6.0.17134.165_none_fb429645306569ac\COMCTL32.dll
0x00007ffb4d4f0000 - 0x00007ffb4d813000 	C:\WINDOWS\System32\combase.dll
0x00007ffb4aa60000 - 0x00007ffb4aada000 	C:\WINDOWS\System32\bcryptPrimitives.dll
0x00007ffb4cf90000 - 0x00007ffb4cfbd000 	C:\WINDOWS\System32\IMM32.DLL
0x0000000062100000 - 0x00000000621d2000 	C:\Program Files\Java\jdk1.8.0_172\jre\bin\msvcr100.dll
0x0000000061850000 - 0x00000000620f3000 	C:\Program Files\Java\jdk1.8.0_172\jre\bin\server\jvm.dll
0x00007ffb4b6e0000 - 0x00007ffb4b6e8000 	C:\WINDOWS\System32\PSAPI.DLL
0x00007ffb410f0000 - 0x00007ffb410f9000 	C:\WINDOWS\SYSTEM32\WSOCK32.dll
0x00007ffb4dd00000 - 0x00007ffb4dd6c000 	C:\WINDOWS\System32\WS2_32.dll
0x00007ffb47a00000 - 0x00007ffb47a23000 	C:\WINDOWS\SYSTEM32\WINMM.dll
0x00007ffb44c00000 - 0x00007ffb44c0a000 	C:\WINDOWS\SYSTEM32\VERSION.dll
0x00007ffb479d0000 - 0x00007ffb479fa000 	C:\WINDOWS\SYSTEM32\WINMMBASE.dll
0x00007ffb4b690000 - 0x00007ffb4b6d9000 	C:\WINDOWS\System32\cfgmgr32.dll
0x0000000061840000 - 0x000000006184f000 	C:\Program Files\Java\jdk1.8.0_172\jre\bin\verify.dll
0x0000000061810000 - 0x0000000061839000 	C:\Program Files\Java\jdk1.8.0_172\jre\bin\java.dll
0x0000000061780000 - 0x00000000617a3000 	C:\Program Files\Java\jdk1.8.0_172\jre\bin\instrument.dll
0x00000000617f0000 - 0x0000000061806000 	C:\Program Files\Java\jdk1.8.0_172\jre\bin\zip.dll
0x00007ffb4bb50000 - 0x00007ffb4cf90000 	C:\WINDOWS\System32\SHELL32.dll
0x00007ffb4cfc0000 - 0x00007ffb4d069000 	C:\WINDOWS\System32\shcore.dll
0x00007ffb4ad80000 - 0x00007ffb4b48d000 	C:\WINDOWS\System32\windows.storage.dll
0x00007ffb4dca0000 - 0x00007ffb4dcf1000 	C:\WINDOWS\System32\shlwapi.dll
0x00007ffb4a5b0000 - 0x00007ffb4a5c1000 	C:\WINDOWS\System32\kernel.appcore.dll
0x00007ffb4a600000 - 0x00007ffb4a61f000 	C:\WINDOWS\System32\profapi.dll
0x00007ffb4a560000 - 0x00007ffb4a5ac000 	C:\WINDOWS\System32\powrprof.dll
0x00007ffb4a5d0000 - 0x00007ffb4a5da000 	C:\WINDOWS\System32\FLTLIB.DLL
0x00007ffb3fef0000 - 0x00007ffb3ff0a000 	C:\Program Files\JetBrains\IntelliJ IDEA 2018.1.5\bin\breakgen64.dll
0x00000000617d0000 - 0x00000000617ea000 	C:\Program Files\Java\jdk1.8.0_172\jre\bin\net.dll
0x00007ffb49d80000 - 0x00007ffb49de6000 	C:\WINDOWS\system32\mswsock.dll
0x0000000061770000 - 0x000000006177d000 	C:\Program Files\Java\jdk1.8.0_172\jre\bin\management.dll
0x00000000617b0000 - 0x00000000617c1000 	C:\Program Files\Java\jdk1.8.0_172\jre\bin\nio.dll
0x00007ffb43a60000 - 0x00007ffb43a76000 	C:\WINDOWS\system32\napinsp.dll
0x00007ffb43a40000 - 0x00007ffb43a5a000 	C:\WINDOWS\system32\pnrpnsp.dll
0x00007ffb448a0000 - 0x00007ffb448b9000 	C:\WINDOWS\system32\NLAapi.dll
0x00007ffb49b40000 - 0x00007ffb49bfe000 	C:\WINDOWS\SYSTEM32\DNSAPI.dll
0x00007ffb4bb40000 - 0x00007ffb4bb48000 	C:\WINDOWS\System32\NSI.dll
0x00007ffb49b00000 - 0x00007ffb49b38000 	C:\WINDOWS\SYSTEM32\IPHLPAPI.DLL
0x00007ffb43a30000 - 0x00007ffb43a3e000 	C:\WINDOWS\System32\winrnr.dll
0x00007ffb3e700000 - 0x00007ffb3e70a000 	C:\Windows\System32\rasadhlp.dll
0x00007ffb413e0000 - 0x00007ffb41452000 	C:\WINDOWS\System32\fwpuclnt.dll
0x00007ffb4a0c0000 - 0x00007ffb4a0e5000 	C:\WINDOWS\SYSTEM32\bcrypt.dll
0x00007ffb49f30000 - 0x00007ffb49f47000 	C:\WINDOWS\SYSTEM32\CRYPTSP.dll
0x00007ffb49960000 - 0x00007ffb49993000 	C:\WINDOWS\system32\rsaenh.dll
0x00007ffb4a460000 - 0x00007ffb4a488000 	C:\WINDOWS\SYSTEM32\USERENV.dll
0x00007ffb49f50000 - 0x00007ffb49f5b000 	C:\WINDOWS\SYSTEM32\CRYPTBASE.dll
0x00007ffb43cf0000 - 0x00007ffb43d06000 	C:\WINDOWS\SYSTEM32\dhcpcsvc6.DLL
0x00007ffb44810000 - 0x00007ffb4482a000 	C:\WINDOWS\SYSTEM32\dhcpcsvc.DLL
0x0000000061740000 - 0x0000000061764000 	C:\Program Files\Java\jdk1.8.0_172\jre\bin\sunec.dll
0x0000000061730000 - 0x000000006173b000 	C:\Program Files\Java\jdk1.8.0_172\jre\bin\sunmscapi.dll
0x00007ffb4a870000 - 0x00007ffb4aa52000 	C:\WINDOWS\System32\CRYPT32.dll
0x00007ffb4a5e0000 - 0x00007ffb4a5f2000 	C:\WINDOWS\System32\MSASN1.dll

VM Arguments:
jvm_args: -XX:TieredStopAtLevel=1 -Xverify:none -Dspring.output.ansi.enabled=always -Dcom.sun.management.jmxremote -Dcom.sun.management.jmxremote.port=49366 -Dcom.sun.management.jmxremote.authenticate=false -Dcom.sun.management.jmxremote.ssl=false -Djava.rmi.server.hostname=localhost -Dspring.liveBeansView.mbeanDomain -Dspring.application.admin.enabled=true -javaagent:C:\Program Files\JetBrains\IntelliJ IDEA 2018.1.5\lib\idea_rt.jar=49367:C:\Program Files\JetBrains\IntelliJ IDEA 2018.1.5\bin -Dfile.encoding=UTF-8 
java_command: com.xyzAirlines.App
java_class_path (initial): C:\Program Files\Java\jdk1.8.0_172\jre\lib\charsets.jar;C:\Program Files\Java\jdk1.8.0_172\jre\lib\deploy.jar;C:\Program Files\Java\jdk1.8.0_172\jre\lib\ext\access-bridge-64.jar;C:\Program Files\Java\jdk1.8.0_172\jre\lib\ext\cldrdata.jar;C:\Program Files\Java\jdk1.8.0_172\jre\lib\ext\dnsns.jar;C:\Program Files\Java\jdk1.8.0_172\jre\lib\ext\jaccess.jar;C:\Program Files\Java\jdk1.8.0_172\jre\lib\ext\jfxrt.jar;C:\Program Files\Java\jdk1.8.0_172\jre\lib\ext\localedata.jar;C:\Program Files\Java\jdk1.8.0_172\jre\lib\ext\nashorn.jar;C:\Program Files\Java\jdk1.8.0_172\jre\lib\ext\sunec.jar;C:\Program Files\Java\jdk1.8.0_172\jre\lib\ext\sunjce_provider.jar;C:\Program Files\Java\jdk1.8.0_172\jre\lib\ext\sunmscapi.jar;C:\Program Files\Java\jdk1.8.0_172\jre\lib\ext\sunpkcs11.jar;C:\Program Files\Java\jdk1.8.0_172\jre\lib\ext\zipfs.jar;C:\Program Files\Java\jdk1.8.0_172\jre\lib\javaws.jar;C:\Program Files\Java\jdk1.8.0_172\jre\lib\jce.jar;C:\Program Files\Java\jdk1.8.0_172\jre\lib\jfr.jar;C:\Program Files\Java\jdk1.8.0_172\jre\lib\jfxswt.jar;C:\Program Files\Java\jdk1.8.0_172\jre\lib\jsse.jar;C:\Program Files\Java\jdk1.8.0_172\jre\lib\management-agent.jar;C:\Program Files\Java\jdk1.8.0_172\jre\lib\plugin.jar;C:\Program Files\Java\jdk1.8.0_172\jre\lib\resources.jar;C:\Program Files\Java\jdk1.8.0_172\jre\lib\rt.jar;C:\Users\Administrator\Desktop\xyzAirlines\target\classes;C:\Users\Administrator\.m2\repository\org\springframework\boot\spring-boot-starter-actuator\2.0.3.RELEASE\spring-boot-starter-actuator-2.0.3.RELEASE.jar;C:\Users\Administrator\.m2\repository\org\springframework\boot\spring-boot-starter\2.0.3.RELEASE\spring-boot-starter-2.0.3.RELEASE.jar;C:\Users\Administrator\.m2\repository\org\springframework\boot\spring-boot-starter-logging\2.0.3.RELEASE\spring-boot-starter-logging-2.0.3.RELEASE.jar;C:\Users\Administrator\.m2\repository\ch\qos\logback\logback-classic\1.2.3\logback-classic-1.2.3.jar;C:\Users\Administrator\.m2\repository\ch\qos\logbac
Launcher Type: SUN_STANDARD

Environment Variables:
PATH=C:\Program Files (x86)\Common Files\Oracle\Java\javapath;C:\WINDOWS\system32;C:\WINDOWS;C:\WINDOWS\System32\Wbem;C:\WINDOWS\System32\WindowsPowerShell\v1.0\;C:\Program Files\dotnet\;C:\Program Files\Git\cmd;C:\WINDOWS\System32\OpenSSH\;C:\Users\Administrator\AppData\Local\Microsoft\WindowsApps;;C:\Program Files\Microsoft VS Code\bin
USERNAME=Administrator
OS=Windows_NT
PROCESSOR_IDENTIFIER=Intel64 Family 6 Model 61 Stepping 4, GenuineIntel



---------------  S Y S T E M  ---------------

OS: Windows 10.0 , 64 bit Build 17134 (10.0.17134.1)

CPU:total 2 (initial active 2) (2 cores per cpu, 1 threads per core) family 6 model 61 stepping 4, cmov, cx8, fxsr, mmx, sse, sse2, sse3, ssse3, sse4.1, sse4.2, popcnt, avx, avx2, aes, clmul, 3dnowpref, lzcnt, tsc, tscinvbit

Memory: 4k page, physical 5242420k(561868k free), swap 5242420k(1492k free)

vm_info: Java HotSpot(TM) 64-Bit Server VM (25.172-b11) for windows-amd64 JRE (1.8.0_172-b11), built on Mar 28 2018 21:21:52 by "java_re" with MS VC++ 10.0 (VS2010)

time: Thu Jul 12 11:49:51 2018
elapsed time: 13 seconds (0d 0h 0m 13s)

